<?xml version="1.0" encoding="UTF-8"?>
<testsuite name="agh.ics.oop.Vector2dTest" tests="9" skipped="0" failures="0" errors="0" timestamp="2022-10-18T20:02:43" hostname="DESKTOP-8VFIDA8" time="0.018">
  <properties/>
  <testcase name="testAdd()" classname="agh.ics.oop.Vector2dTest" time="0.01"/>
  <testcase name="testSubtract()" classname="agh.ics.oop.Vector2dTest" time="0.0"/>
  <testcase name="testFollows()" classname="agh.ics.oop.Vector2dTest" time="0.001"/>
  <testcase name="testToString()" classname="agh.ics.oop.Vector2dTest" time="0.003"/>
  <testcase name="testPrecedes()" classname="agh.ics.oop.Vector2dTest" time="0.001"/>
  <testcase name="testLowerLeft()" classname="agh.ics.oop.Vector2dTest" time="0.001"/>
  <testcase name="testOpposite()" classname="agh.ics.oop.Vector2dTest" time="0.0"/>
  <testcase name="testEquals()" classname="agh.ics.oop.Vector2dTest" time="0.0"/>
  <testcase name="testUpperRight()" classname="agh.ics.oop.Vector2dTest" time="0.0"/>
  <system-out><![CDATA[]]></system-out>
  <system-err><![CDATA[]]></system-err>
</testsuite>
